Arguments: 
  C:\Program Files\nodejs\node.exe C:\Program Files (x86)\Yarn\bin\yarn.js add vue-template-compiler -D

PATH: 
  C:\Users\Shawn-Nevermore\local\test;C:\Users\Shawn-Nevermore\bin;C:\Program Files\Git\mingw64\bin;C:\Program Files\Git\usr\local\bin;C:\Program Files\Git\usr\bin;C:\Program Files\Git\usr\bin;C:\Program Files\Git\cmd;C:\Program Files\Git\usr\bin;C:\Users\Shawn-Nevermore\Downloads\cmder\vendor\conemu-maximus5\ConEmu\Scripts;C:\Users\Shawn-Nevermore\Downloads\cmder\vendor\conemu-maximus5;C:\Users\Shawn-Nevermore\Downloads\cmder\vendor\conemu-maximus5\ConEmu;C:\Python36\Scripts;C:\Python36;C:\ProgramData\Oracle\Java\javapath;C:\Program Files (x86)\Intel\iCLS Client;C:\Program Files\Intel\iCLS Client;C:\WINDOWS\system32;C:\WINDOWS;C:\WINDOWS\System32\Wbem;C:\WINDOWS\System32\WindowsPowerShell\v1.0;C:\Program Files (x86)\Intel\Intel(R) Management Engine Components\DAL;C:\Program Files\Intel\Intel(R) Management Engine Components\DAL;C:\Program Files (x86)\Intel\Intel(R) Management Engine Components\IPT;C:\Program Files\Intel\Intel(R) Management Engine Components\IPT;C:\Program Files\Intel\WiFi\bin;C:\Program Files\Common Files\Intel\WirelessCommon;C:\Program Files\Java\jdk1.8.0_144\bin;C:\Program Files\Java\jdk1.8.0_144\jre\bin;C:\Program Files\Git\cmd;C:\Users\Shawn-Nevermore\Downloads\cmder;C:\ProgramData\chocolatey\bin;C:\Program Files\mysql-5.7.20-winx64\bin;C:\Program Files\Apache\apache-maven-3.5.2\bin;C:\WINDOWS\System32\OpenSSH;C:\Program Files\nodejs;C:\Program Files (x86)\Yarn\bin;C:\Users\Shawn-Nevermore\AppData\Local\Microsoft\WindowsApps;C:\Program Files\Microsoft VS Code\bin;C:\Users\Shawn-Nevermore\AppData\Local\GitHubDesktop\bin;C:\Users\Shawn-Nevermore\AppData\Local\Microsoft\WindowsApps;C:\Users\Shawn-Nevermore\AppData\Roaming\npm;C:\Users\Shawn-Nevermore\AppData\Local\Programs\Microsoft VS Code\bin;C:\Program Files\JetBrains\WebStorm 2019.1.3\bin;C:\Users\Shawn-Nevermore\Downloads\cmder;C:\Users\Shawn-Nevermore\AppData\Local\Yarn\bin;C:\Program Files\Git\usr\bin\vendor_perl;C:\Program Files\Git\usr\bin\core_perl;C:\Program Files (x86)\GnuWin32\bin\

Yarn version: 
  1.17.3

Node version: 
  10.15.3

Platform: 
  win32 x64

Trace: 
  Error: EPERM: operation not permitted, unlink 'C:\sh\code\wheels-lite\node_modules\deasync\bin\win32-x64-node-10\deasync.node'

npm manifest: 
  {
      "name": "wheels-lite",
      "version": "0.0.1",
      "description": "基于Vue的轻量级UI框架",
      "main": "index.js",
      "scripts": {
          "test": "echo \"Error: no test specified\" && exit 1"
      },
      "repository": {
          "type": "git",
          "url": "git+https://github.com/Shawn-Nevermore/wheels-lite.git"
      },
      "keywords": [
          "vue",
          "ui"
      ],
      "author": "Shawn Xu",
      "license": "MIT",
      "bugs": {
          "url": "https://github.com/Shawn-Nevermore/wheels-lite/issues"
      },
      "homepage": "https://github.com/Shawn-Nevermore/wheels-lite#readme",
      "dependencies": {
          "vue": "^2.6.11"
      },
      "devDependencies": {
          "parcel-bundler": "^1.12.4"
      },
      "alias": {
          "vue": "./node_modules/vue/dist/vue.common.js"
      }
  }

yarn manifest: 
  No manifest

Lockfile: 
  No lockfile
